CRITICAL - 2025-12-11 15:09:47 --> InvalidArgumentException: Invalid escape context provided.
[Method: GET, Route: forum]
in SYSTEMPATH\Common.php on line 434.
 1 APPPATH\Views\load.php(88): esc('21', '3')
 2 SYSTEMPATH\View\View.php(234): include('D:\\xampp\\htdocs\\CapstoneWebsiteJedSys\\app\\Views\\load.php')
 3 SYSTEMPATH\View\View.php(237): CodeIgniter\View\View->CodeIgniter\View\{closure}()
 4 SYSTEMPATH\View\View.php(487): CodeIgniter\View\View->render('load', null, true)
 5 APPPATH\Views\Forum.php(30): CodeIgniter\View\View->include('load')
 6 SYSTEMPATH\View\View.php(234): include('D:\\xampp\\htdocs\\CapstoneWebsiteJedSys\\app\\Views\\Forum.php')
 7 SYSTEMPATH\View\View.php(237): CodeIgniter\View\View->CodeIgniter\View\{closure}()
 8 SYSTEMPATH\Common.php(1171): CodeIgniter\View\View->render('forum', [], true)
 9 APPPATH\Controllers\Home.php(212): view('forum')
10 SYSTEMPATH\CodeIgniter.php(933): App\Controllers\Home->forum()
11 SYSTEMPATH\CodeIgniter.php(509): CodeIgniter\CodeIgniter->runController(Object(App\Controllers\Home))
12 SYSTEMPATH\CodeIgniter.php(355): CodeIgniter\CodeIgniter->handleRequest(null, Object(Config\Cache), false)
13 SYSTEMPATH\Boot.php(325): CodeIgniter\CodeIgniter->run()
14 SYSTEMPATH\Boot.php(67): CodeIgniter\Boot::runCodeIgniter(Object(CodeIgniter\CodeIgniter))
15 FCPATH\index.php(56): CodeIgniter\Boot::bootWeb(Object(Config\Paths))
CRITICAL - 2025-12-11 15:12:21 --> InvalidArgumentException: Invalid escape context provided.
[Method: GET, Route: forum]
in SYSTEMPATH\Common.php on line 434.
 1 APPPATH\Views\load.php(88): esc('21', '3')
 2 SYSTEMPATH\View\View.php(234): include('D:\\xampp\\htdocs\\CapstoneWebsiteJedSys\\app\\Views\\load.php')
 3 SYSTEMPATH\View\View.php(237): CodeIgniter\View\View->CodeIgniter\View\{closure}()
 4 SYSTEMPATH\View\View.php(487): CodeIgniter\View\View->render('load', null, true)
 5 APPPATH\Views\Forum.php(30): CodeIgniter\View\View->include('load')
 6 SYSTEMPATH\View\View.php(234): include('D:\\xampp\\htdocs\\CapstoneWebsiteJedSys\\app\\Views\\Forum.php')
 7 SYSTEMPATH\View\View.php(237): CodeIgniter\View\View->CodeIgniter\View\{closure}()
 8 SYSTEMPATH\Common.php(1171): CodeIgniter\View\View->render('forum', [], true)
 9 APPPATH\Controllers\Home.php(212): view('forum')
10 SYSTEMPATH\CodeIgniter.php(933): App\Controllers\Home->forum()
11 SYSTEMPATH\CodeIgniter.php(509): CodeIgniter\CodeIgniter->runController(Object(App\Controllers\Home))
12 SYSTEMPATH\CodeIgniter.php(355): CodeIgniter\CodeIgniter->handleRequest(null, Object(Config\Cache), false)
13 SYSTEMPATH\Boot.php(325): CodeIgniter\CodeIgniter->run()
14 SYSTEMPATH\Boot.php(67): CodeIgniter\Boot::runCodeIgniter(Object(CodeIgniter\CodeIgniter))
15 FCPATH\index.php(56): CodeIgniter\Boot::bootWeb(Object(Config\Paths))
