CRITICAL - 2025-03-25 11:14:26 --> ErrorException: session_start(): Ignoring session_start() because a session is already active
[Method: GET, Route: login]
in APPPATH\Views\components\top_layer.php on line 3.
 1 [internal function]: CodeIgniter\Debug\Exceptions->errorHandler(8, 'session_start(): Ignoring session_start() because a session is already active', 'D:\\xampp\\htdocs\\CapstoneWebsiteJedSys\\app\\Views\\components\\top_layer.php', 3)
 2 APPPATH\Views\components\top_layer.php(3): session_start()
 3 SYSTEMPATH\View\View.php(234): include('D:\\xampp\\htdocs\\CapstoneWebsiteJedSys\\app\\Views\\components\\top_layer.php')
 4 SYSTEMPATH\View\View.php(237): CodeIgniter\View\View->CodeIgniter\View\{closure}()
 5 SYSTEMPATH\View\View.php(487): CodeIgniter\View\View->render('components/top_layer', null, true)
 6 APPPATH\Views\layout\main_layout.php(1): CodeIgniter\View\View->include('components/top_layer')
 7 SYSTEMPATH\View\View.php(234): include('D:\\xampp\\htdocs\\CapstoneWebsiteJedSys\\app\\Views\\layout\\main_layout.php')
 8 SYSTEMPATH\View\View.php(237): CodeIgniter\View\View->CodeIgniter\View\{closure}()
 9 SYSTEMPATH\View\View.php(250): CodeIgniter\View\View->render('layout/main_layout', [], true)
10 SYSTEMPATH\Common.php(1171): CodeIgniter\View\View->render('login', [], true)
11 APPPATH\Controllers\Home.php(19): view('login')
12 SYSTEMPATH\CodeIgniter.php(933): App\Controllers\Home->login()
13 SYSTEMPATH\CodeIgniter.php(509): CodeIgniter\CodeIgniter->runController(Object(App\Controllers\Home))
14 SYSTEMPATH\CodeIgniter.php(355): CodeIgniter\CodeIgniter->handleRequest(null, Object(Config\Cache), false)
15 SYSTEMPATH\Boot.php(325): CodeIgniter\CodeIgniter->run()
16 SYSTEMPATH\Boot.php(67): CodeIgniter\Boot::runCodeIgniter(Object(CodeIgniter\CodeIgniter))
17 FCPATH\index.php(56): CodeIgniter\Boot::bootWeb(Object(Config\Paths))
CRITICAL - 2025-03-25 11:14:35 --> ErrorException: session_start(): Ignoring session_start() because a session is already active
[Method: GET, Route: login]
in APPPATH\Views\components\top_layer.php on line 3.
 1 [internal function]: CodeIgniter\Debug\Exceptions->errorHandler(8, 'session_start(): Ignoring session_start() because a session is already active', 'D:\\xampp\\htdocs\\CapstoneWebsiteJedSys\\app\\Views\\components\\top_layer.php', 3)
 2 APPPATH\Views\components\top_layer.php(3): session_start()
 3 SYSTEMPATH\View\View.php(234): include('D:\\xampp\\htdocs\\CapstoneWebsiteJedSys\\app\\Views\\components\\top_layer.php')
 4 SYSTEMPATH\View\View.php(237): CodeIgniter\View\View->CodeIgniter\View\{closure}()
 5 SYSTEMPATH\View\View.php(487): CodeIgniter\View\View->render('components/top_layer', null, true)
 6 APPPATH\Views\layout\main_layout.php(1): CodeIgniter\View\View->include('components/top_layer')
 7 SYSTEMPATH\View\View.php(234): include('D:\\xampp\\htdocs\\CapstoneWebsiteJedSys\\app\\Views\\layout\\main_layout.php')
 8 SYSTEMPATH\View\View.php(237): CodeIgniter\View\View->CodeIgniter\View\{closure}()
 9 SYSTEMPATH\View\View.php(250): CodeIgniter\View\View->render('layout/main_layout', [], true)
10 SYSTEMPATH\Common.php(1171): CodeIgniter\View\View->render('login', [], true)
11 APPPATH\Controllers\Home.php(19): view('login')
12 SYSTEMPATH\CodeIgniter.php(933): App\Controllers\Home->login()
13 SYSTEMPATH\CodeIgniter.php(509): CodeIgniter\CodeIgniter->runController(Object(App\Controllers\Home))
14 SYSTEMPATH\CodeIgniter.php(355): CodeIgniter\CodeIgniter->handleRequest(null, Object(Config\Cache), false)
15 SYSTEMPATH\Boot.php(325): CodeIgniter\CodeIgniter->run()
16 SYSTEMPATH\Boot.php(67): CodeIgniter\Boot::runCodeIgniter(Object(CodeIgniter\CodeIgniter))
17 FCPATH\index.php(56): CodeIgniter\Boot::bootWeb(Object(Config\Paths))
CRITICAL - 2025-03-25 11:14:54 --> ErrorException: session_start(): Ignoring session_start() because a session is already active
[Method: GET, Route: login]
in APPPATH\Views\components\top_layer.php on line 3.
 1 [internal function]: CodeIgniter\Debug\Exceptions->errorHandler(8, 'session_start(): Ignoring session_start() because a session is already active', 'D:\\xampp\\htdocs\\CapstoneWebsiteJedSys\\app\\Views\\components\\top_layer.php', 3)
 2 APPPATH\Views\components\top_layer.php(3): session_start()
 3 SYSTEMPATH\View\View.php(234): include('D:\\xampp\\htdocs\\CapstoneWebsiteJedSys\\app\\Views\\components\\top_layer.php')
 4 SYSTEMPATH\View\View.php(237): CodeIgniter\View\View->CodeIgniter\View\{closure}()
 5 SYSTEMPATH\View\View.php(487): CodeIgniter\View\View->render('components/top_layer', null, true)
 6 APPPATH\Views\layout\main_layout.php(1): CodeIgniter\View\View->include('components/top_layer')
 7 SYSTEMPATH\View\View.php(234): include('D:\\xampp\\htdocs\\CapstoneWebsiteJedSys\\app\\Views\\layout\\main_layout.php')
 8 SYSTEMPATH\View\View.php(237): CodeIgniter\View\View->CodeIgniter\View\{closure}()
 9 SYSTEMPATH\View\View.php(250): CodeIgniter\View\View->render('layout/main_layout', [], true)
10 SYSTEMPATH\Common.php(1171): CodeIgniter\View\View->render('login', [], true)
11 APPPATH\Controllers\Home.php(19): view('login')
12 SYSTEMPATH\CodeIgniter.php(933): App\Controllers\Home->login()
13 SYSTEMPATH\CodeIgniter.php(509): CodeIgniter\CodeIgniter->runController(Object(App\Controllers\Home))
14 SYSTEMPATH\CodeIgniter.php(355): CodeIgniter\CodeIgniter->handleRequest(null, Object(Config\Cache), false)
15 SYSTEMPATH\Boot.php(325): CodeIgniter\CodeIgniter->run()
16 SYSTEMPATH\Boot.php(67): CodeIgniter\Boot::runCodeIgniter(Object(CodeIgniter\CodeIgniter))
17 FCPATH\index.php(56): CodeIgniter\Boot::bootWeb(Object(Config\Paths))
CRITICAL - 2025-03-25 11:15:28 --> ErrorException: session_start(): Ignoring session_start() because a session is already active
[Method: GET, Route: login]
in APPPATH\Views\components\top_layer.php on line 3.
 1 [internal function]: CodeIgniter\Debug\Exceptions->errorHandler(8, 'session_start(): Ignoring session_start() because a session is already active', 'D:\\xampp\\htdocs\\CapstoneWebsiteJedSys\\app\\Views\\components\\top_layer.php', 3)
 2 APPPATH\Views\components\top_layer.php(3): session_start()
 3 SYSTEMPATH\View\View.php(234): include('D:\\xampp\\htdocs\\CapstoneWebsiteJedSys\\app\\Views\\components\\top_layer.php')
 4 SYSTEMPATH\View\View.php(237): CodeIgniter\View\View->CodeIgniter\View\{closure}()
 5 SYSTEMPATH\View\View.php(487): CodeIgniter\View\View->render('components/top_layer', null, true)
 6 APPPATH\Views\layout\main_layout.php(1): CodeIgniter\View\View->include('components/top_layer')
 7 SYSTEMPATH\View\View.php(234): include('D:\\xampp\\htdocs\\CapstoneWebsiteJedSys\\app\\Views\\layout\\main_layout.php')
 8 SYSTEMPATH\View\View.php(237): CodeIgniter\View\View->CodeIgniter\View\{closure}()
 9 SYSTEMPATH\View\View.php(250): CodeIgniter\View\View->render('layout/main_layout', [], true)
10 SYSTEMPATH\Common.php(1171): CodeIgniter\View\View->render('login', [], true)
11 APPPATH\Controllers\Home.php(19): view('login')
12 SYSTEMPATH\CodeIgniter.php(933): App\Controllers\Home->login()
13 SYSTEMPATH\CodeIgniter.php(509): CodeIgniter\CodeIgniter->runController(Object(App\Controllers\Home))
14 SYSTEMPATH\CodeIgniter.php(355): CodeIgniter\CodeIgniter->handleRequest(null, Object(Config\Cache), false)
15 SYSTEMPATH\Boot.php(325): CodeIgniter\CodeIgniter->run()
16 SYSTEMPATH\Boot.php(67): CodeIgniter\Boot::runCodeIgniter(Object(CodeIgniter\CodeIgniter))
17 FCPATH\index.php(56): CodeIgniter\Boot::bootWeb(Object(Config\Paths))
CRITICAL - 2025-03-25 14:12:40 --> ErrorException: session_start(): Ignoring session_start() because a session is already active
[Method: GET, Route: /]
in APPPATH\Views\components\header_nav.php on line 2.
 1 [internal function]: CodeIgniter\Debug\Exceptions->errorHandler(8, 'session_start(): Ignoring session_start() because a session is already active', 'D:\\xampp\\htdocs\\CapstoneWebsiteJedSys\\app\\Views\\components\\header_nav.php', 2)
 2 APPPATH\Views\components\header_nav.php(2): session_start()
 3 SYSTEMPATH\View\View.php(234): include('D:\\xampp\\htdocs\\CapstoneWebsiteJedSys\\app\\Views\\components\\header_nav.php')
 4 SYSTEMPATH\View\View.php(237): CodeIgniter\View\View->CodeIgniter\View\{closure}()
 5 SYSTEMPATH\View\View.php(487): CodeIgniter\View\View->render('components/header_nav', null, true)
 6 APPPATH\Views\layout\main_layout.php(2): CodeIgniter\View\View->include('components/header_nav')
 7 SYSTEMPATH\View\View.php(234): include('D:\\xampp\\htdocs\\CapstoneWebsiteJedSys\\app\\Views\\layout\\main_layout.php')
 8 SYSTEMPATH\View\View.php(237): CodeIgniter\View\View->CodeIgniter\View\{closure}()
 9 SYSTEMPATH\View\View.php(250): CodeIgniter\View\View->render('layout/main_layout', [], true)
10 SYSTEMPATH\Common.php(1171): CodeIgniter\View\View->render('landing', [], true)
11 APPPATH\Controllers\Home.php(12): view('landing')
12 SYSTEMPATH\CodeIgniter.php(933): App\Controllers\Home->index()
13 SYSTEMPATH\CodeIgniter.php(509): CodeIgniter\CodeIgniter->runController(Object(App\Controllers\Home))
14 SYSTEMPATH\CodeIgniter.php(355): CodeIgniter\CodeIgniter->handleRequest(null, Object(Config\Cache), false)
15 SYSTEMPATH\Boot.php(325): CodeIgniter\CodeIgniter->run()
16 SYSTEMPATH\Boot.php(67): CodeIgniter\Boot::runCodeIgniter(Object(CodeIgniter\CodeIgniter))
17 FCPATH\index.php(56): CodeIgniter\Boot::bootWeb(Object(Config\Paths))
CRITICAL - 2025-03-25 14:18:00 --> TypeError: App\Controllers\Home::index(): Return value must be of type string, none returned
[Method: GET, Route: /]
in APPPATH\Controllers\Home.php on line 14.
 1 SYSTEMPATH\CodeIgniter.php(933): App\Controllers\Home->index()
 2 SYSTEMPATH\CodeIgniter.php(509): CodeIgniter\CodeIgniter->runController(Object(App\Controllers\Home))
 3 SYSTEMPATH\CodeIgniter.php(355): CodeIgniter\CodeIgniter->handleRequest(null, Object(Config\Cache), false)
 4 SYSTEMPATH\Boot.php(325): CodeIgniter\CodeIgniter->run()
 5 SYSTEMPATH\Boot.php(67): CodeIgniter\Boot::runCodeIgniter(Object(CodeIgniter\CodeIgniter))
 6 FCPATH\index.php(56): CodeIgniter\Boot::bootWeb(Object(Config\Paths))
