CRITICAL - 2025-04-04 00:01:30 --> ErrorException: Undefined array key "Firstname"
[Method: GET, Route: /]
in APPPATH\Views\components\header_nav.php on line 51.
 1 APPPATH\Views\components\header_nav.php(51): CodeIgniter\Debug\Exceptions->errorHandler(2, 'Undefined array key "Firstname"', 'D:\\xampp\\htdocs\\CapstoneWebsiteJedSys\\app\\Views\\components\\header_nav.php', 51)
 2 SYSTEMPATH\View\View.php(234): include('D:\\xampp\\htdocs\\CapstoneWebsiteJedSys\\app\\Views\\components\\header_nav.php')
 3 SYSTEMPATH\View\View.php(237): CodeIgniter\View\View->CodeIgniter\View\{closure}()
 4 SYSTEMPATH\View\View.php(487): CodeIgniter\View\View->render('components/header_nav', null, true)
 5 APPPATH\Views\layout\main_layout.php(2): CodeIgniter\View\View->include('components/header_nav')
 6 SYSTEMPATH\View\View.php(234): include('D:\\xampp\\htdocs\\CapstoneWebsiteJedSys\\app\\Views\\layout\\main_layout.php')
 7 SYSTEMPATH\View\View.php(237): CodeIgniter\View\View->CodeIgniter\View\{closure}()
 8 SYSTEMPATH\View\View.php(250): CodeIgniter\View\View->render('layout/main_layout', [], true)
 9 SYSTEMPATH\Common.php(1171): CodeIgniter\View\View->render('login', [], true)
10 APPPATH\Controllers\Home.php(13): view('login')
11 SYSTEMPATH\CodeIgniter.php(933): App\Controllers\Home->index()
12 SYSTEMPATH\CodeIgniter.php(509): CodeIgniter\CodeIgniter->runController(Object(App\Controllers\Home))
13 SYSTEMPATH\CodeIgniter.php(355): CodeIgniter\CodeIgniter->handleRequest(null, Object(Config\Cache), false)
14 SYSTEMPATH\Boot.php(325): CodeIgniter\CodeIgniter->run()
15 SYSTEMPATH\Boot.php(67): CodeIgniter\Boot::runCodeIgniter(Object(CodeIgniter\CodeIgniter))
16 FCPATH\index.php(56): CodeIgniter\Boot::bootWeb(Object(Config\Paths))
CRITICAL - 2025-04-04 00:01:40 --> ErrorException: Undefined array key "Firstname"
[Method: GET, Route: /]
in APPPATH\Views\components\header_nav.php on line 52.
 1 APPPATH\Views\components\header_nav.php(52): CodeIgniter\Debug\Exceptions->errorHandler(2, 'Undefined array key "Firstname"', 'D:\\xampp\\htdocs\\CapstoneWebsiteJedSys\\app\\Views\\components\\header_nav.php', 52)
 2 SYSTEMPATH\View\View.php(234): include('D:\\xampp\\htdocs\\CapstoneWebsiteJedSys\\app\\Views\\components\\header_nav.php')
 3 SYSTEMPATH\View\View.php(237): CodeIgniter\View\View->CodeIgniter\View\{closure}()
 4 SYSTEMPATH\View\View.php(487): CodeIgniter\View\View->render('components/header_nav', null, true)
 5 APPPATH\Views\layout\main_layout.php(2): CodeIgniter\View\View->include('components/header_nav')
 6 SYSTEMPATH\View\View.php(234): include('D:\\xampp\\htdocs\\CapstoneWebsiteJedSys\\app\\Views\\layout\\main_layout.php')
 7 SYSTEMPATH\View\View.php(237): CodeIgniter\View\View->CodeIgniter\View\{closure}()
 8 SYSTEMPATH\View\View.php(250): CodeIgniter\View\View->render('layout/main_layout', [], true)
 9 SYSTEMPATH\Common.php(1171): CodeIgniter\View\View->render('login', [], true)
10 APPPATH\Controllers\Home.php(13): view('login')
11 SYSTEMPATH\CodeIgniter.php(933): App\Controllers\Home->index()
12 SYSTEMPATH\CodeIgniter.php(509): CodeIgniter\CodeIgniter->runController(Object(App\Controllers\Home))
13 SYSTEMPATH\CodeIgniter.php(355): CodeIgniter\CodeIgniter->handleRequest(null, Object(Config\Cache), false)
14 SYSTEMPATH\Boot.php(325): CodeIgniter\CodeIgniter->run()
15 SYSTEMPATH\Boot.php(67): CodeIgniter\Boot::runCodeIgniter(Object(CodeIgniter\CodeIgniter))
16 FCPATH\index.php(56): CodeIgniter\Boot::bootWeb(Object(Config\Paths))
CRITICAL - 2025-04-04 00:01:49 --> ErrorException: Undefined array key "Middlename"
[Method: GET, Route: /]
in APPPATH\Views\components\header_nav.php on line 52.
 1 APPPATH\Views\components\header_nav.php(52): CodeIgniter\Debug\Exceptions->errorHandler(2, 'Undefined array key "Middlename"', 'D:\\xampp\\htdocs\\CapstoneWebsiteJedSys\\app\\Views\\components\\header_nav.php', 52)
 2 SYSTEMPATH\View\View.php(234): include('D:\\xampp\\htdocs\\CapstoneWebsiteJedSys\\app\\Views\\components\\header_nav.php')
 3 SYSTEMPATH\View\View.php(237): CodeIgniter\View\View->CodeIgniter\View\{closure}()
 4 SYSTEMPATH\View\View.php(487): CodeIgniter\View\View->render('components/header_nav', null, true)
 5 APPPATH\Views\layout\main_layout.php(2): CodeIgniter\View\View->include('components/header_nav')
 6 SYSTEMPATH\View\View.php(234): include('D:\\xampp\\htdocs\\CapstoneWebsiteJedSys\\app\\Views\\layout\\main_layout.php')
 7 SYSTEMPATH\View\View.php(237): CodeIgniter\View\View->CodeIgniter\View\{closure}()
 8 SYSTEMPATH\View\View.php(250): CodeIgniter\View\View->render('layout/main_layout', [], true)
 9 SYSTEMPATH\Common.php(1171): CodeIgniter\View\View->render('login', [], true)
10 APPPATH\Controllers\Home.php(13): view('login')
11 SYSTEMPATH\CodeIgniter.php(933): App\Controllers\Home->index()
12 SYSTEMPATH\CodeIgniter.php(509): CodeIgniter\CodeIgniter->runController(Object(App\Controllers\Home))
13 SYSTEMPATH\CodeIgniter.php(355): CodeIgniter\CodeIgniter->handleRequest(null, Object(Config\Cache), false)
14 SYSTEMPATH\Boot.php(325): CodeIgniter\CodeIgniter->run()
15 SYSTEMPATH\Boot.php(67): CodeIgniter\Boot::runCodeIgniter(Object(CodeIgniter\CodeIgniter))
16 FCPATH\index.php(56): CodeIgniter\Boot::bootWeb(Object(Config\Paths))
CRITICAL - 2025-04-04 00:01:53 --> ErrorException: Undefined array key "Firstname"
[Method: GET, Route: /]
in APPPATH\Views\components\header_nav.php on line 52.
 1 APPPATH\Views\components\header_nav.php(52): CodeIgniter\Debug\Exceptions->errorHandler(2, 'Undefined array key "Firstname"', 'D:\\xampp\\htdocs\\CapstoneWebsiteJedSys\\app\\Views\\components\\header_nav.php', 52)
 2 SYSTEMPATH\View\View.php(234): include('D:\\xampp\\htdocs\\CapstoneWebsiteJedSys\\app\\Views\\components\\header_nav.php')
 3 SYSTEMPATH\View\View.php(237): CodeIgniter\View\View->CodeIgniter\View\{closure}()
 4 SYSTEMPATH\View\View.php(487): CodeIgniter\View\View->render('components/header_nav', null, true)
 5 APPPATH\Views\layout\main_layout.php(2): CodeIgniter\View\View->include('components/header_nav')
 6 SYSTEMPATH\View\View.php(234): include('D:\\xampp\\htdocs\\CapstoneWebsiteJedSys\\app\\Views\\layout\\main_layout.php')
 7 SYSTEMPATH\View\View.php(237): CodeIgniter\View\View->CodeIgniter\View\{closure}()
 8 SYSTEMPATH\View\View.php(250): CodeIgniter\View\View->render('layout/main_layout', [], true)
 9 SYSTEMPATH\Common.php(1171): CodeIgniter\View\View->render('login', [], true)
10 APPPATH\Controllers\Home.php(13): view('login')
11 SYSTEMPATH\CodeIgniter.php(933): App\Controllers\Home->index()
12 SYSTEMPATH\CodeIgniter.php(509): CodeIgniter\CodeIgniter->runController(Object(App\Controllers\Home))
13 SYSTEMPATH\CodeIgniter.php(355): CodeIgniter\CodeIgniter->handleRequest(null, Object(Config\Cache), false)
14 SYSTEMPATH\Boot.php(325): CodeIgniter\CodeIgniter->run()
15 SYSTEMPATH\Boot.php(67): CodeIgniter\Boot::runCodeIgniter(Object(CodeIgniter\CodeIgniter))
16 FCPATH\index.php(56): CodeIgniter\Boot::bootWeb(Object(Config\Paths))
CRITICAL - 2025-04-04 00:03:25 --> ErrorException: Undefined array key "Firstname"
[Method: GET, Route: login]
in APPPATH\Views\components\header_nav.php on line 52.
 1 APPPATH\Views\components\header_nav.php(52): CodeIgniter\Debug\Exceptions->errorHandler(2, 'Undefined array key "Firstname"', 'D:\\xampp\\htdocs\\CapstoneWebsiteJedSys\\app\\Views\\components\\header_nav.php', 52)
 2 SYSTEMPATH\View\View.php(234): include('D:\\xampp\\htdocs\\CapstoneWebsiteJedSys\\app\\Views\\components\\header_nav.php')
 3 SYSTEMPATH\View\View.php(237): CodeIgniter\View\View->CodeIgniter\View\{closure}()
 4 SYSTEMPATH\View\View.php(487): CodeIgniter\View\View->render('components/header_nav', null, true)
 5 APPPATH\Views\layout\main_layout.php(2): CodeIgniter\View\View->include('components/header_nav')
 6 SYSTEMPATH\View\View.php(234): include('D:\\xampp\\htdocs\\CapstoneWebsiteJedSys\\app\\Views\\layout\\main_layout.php')
 7 SYSTEMPATH\View\View.php(237): CodeIgniter\View\View->CodeIgniter\View\{closure}()
 8 SYSTEMPATH\View\View.php(250): CodeIgniter\View\View->render('layout/main_layout', [], true)
 9 SYSTEMPATH\Common.php(1171): CodeIgniter\View\View->render('login', [], true)
10 APPPATH\Controllers\Home.php(24): view('login')
11 SYSTEMPATH\CodeIgniter.php(933): App\Controllers\Home->login()
12 SYSTEMPATH\CodeIgniter.php(509): CodeIgniter\CodeIgniter->runController(Object(App\Controllers\Home))
13 SYSTEMPATH\CodeIgniter.php(355): CodeIgniter\CodeIgniter->handleRequest(null, Object(Config\Cache), false)
14 SYSTEMPATH\Boot.php(325): CodeIgniter\CodeIgniter->run()
15 SYSTEMPATH\Boot.php(67): CodeIgniter\Boot::runCodeIgniter(Object(CodeIgniter\CodeIgniter))
16 FCPATH\index.php(56): CodeIgniter\Boot::bootWeb(Object(Config\Paths))
CRITICAL - 2025-04-04 00:03:27 --> ErrorException: Undefined array key "Firstname"
[Method: GET, Route: login]
in APPPATH\Views\components\header_nav.php on line 52.
 1 APPPATH\Views\components\header_nav.php(52): CodeIgniter\Debug\Exceptions->errorHandler(2, 'Undefined array key "Firstname"', 'D:\\xampp\\htdocs\\CapstoneWebsiteJedSys\\app\\Views\\components\\header_nav.php', 52)
 2 SYSTEMPATH\View\View.php(234): include('D:\\xampp\\htdocs\\CapstoneWebsiteJedSys\\app\\Views\\components\\header_nav.php')
 3 SYSTEMPATH\View\View.php(237): CodeIgniter\View\View->CodeIgniter\View\{closure}()
 4 SYSTEMPATH\View\View.php(487): CodeIgniter\View\View->render('components/header_nav', null, true)
 5 APPPATH\Views\layout\main_layout.php(2): CodeIgniter\View\View->include('components/header_nav')
 6 SYSTEMPATH\View\View.php(234): include('D:\\xampp\\htdocs\\CapstoneWebsiteJedSys\\app\\Views\\layout\\main_layout.php')
 7 SYSTEMPATH\View\View.php(237): CodeIgniter\View\View->CodeIgniter\View\{closure}()
 8 SYSTEMPATH\View\View.php(250): CodeIgniter\View\View->render('layout/main_layout', [], true)
 9 SYSTEMPATH\Common.php(1171): CodeIgniter\View\View->render('login', [], true)
10 APPPATH\Controllers\Home.php(24): view('login')
11 SYSTEMPATH\CodeIgniter.php(933): App\Controllers\Home->login()
12 SYSTEMPATH\CodeIgniter.php(509): CodeIgniter\CodeIgniter->runController(Object(App\Controllers\Home))
13 SYSTEMPATH\CodeIgniter.php(355): CodeIgniter\CodeIgniter->handleRequest(null, Object(Config\Cache), false)
14 SYSTEMPATH\Boot.php(325): CodeIgniter\CodeIgniter->run()
15 SYSTEMPATH\Boot.php(67): CodeIgniter\Boot::runCodeIgniter(Object(CodeIgniter\CodeIgniter))
16 FCPATH\index.php(56): CodeIgniter\Boot::bootWeb(Object(Config\Paths))
CRITICAL - 2025-04-04 00:03:55 --> ErrorException: Undefined array key "Firstname"
[Method: GET, Route: login]
in APPPATH\Views\components\bottom_layer.php on line 10.
 1 APPPATH\Views\components\bottom_layer.php(10): CodeIgniter\Debug\Exceptions->errorHandler(2, 'Undefined array key "Firstname"', 'D:\\xampp\\htdocs\\CapstoneWebsiteJedSys\\app\\Views\\components\\bottom_layer.php', 10)
 2 SYSTEMPATH\View\View.php(234): include('D:\\xampp\\htdocs\\CapstoneWebsiteJedSys\\app\\Views\\components\\bottom_layer.php')
 3 SYSTEMPATH\View\View.php(237): CodeIgniter\View\View->CodeIgniter\View\{closure}()
 4 SYSTEMPATH\View\View.php(487): CodeIgniter\View\View->render('components/bottom_layer', null, true)
 5 APPPATH\Views\layout\main_layout.php(4): CodeIgniter\View\View->include('components/bottom_layer')
 6 SYSTEMPATH\View\View.php(234): include('D:\\xampp\\htdocs\\CapstoneWebsiteJedSys\\app\\Views\\layout\\main_layout.php')
 7 SYSTEMPATH\View\View.php(237): CodeIgniter\View\View->CodeIgniter\View\{closure}()
 8 SYSTEMPATH\View\View.php(250): CodeIgniter\View\View->render('layout/main_layout', [], true)
 9 SYSTEMPATH\Common.php(1171): CodeIgniter\View\View->render('login', [], true)
10 APPPATH\Controllers\Home.php(24): view('login')
11 SYSTEMPATH\CodeIgniter.php(933): App\Controllers\Home->login()
12 SYSTEMPATH\CodeIgniter.php(509): CodeIgniter\CodeIgniter->runController(Object(App\Controllers\Home))
13 SYSTEMPATH\CodeIgniter.php(355): CodeIgniter\CodeIgniter->handleRequest(null, Object(Config\Cache), false)
14 SYSTEMPATH\Boot.php(325): CodeIgniter\CodeIgniter->run()
15 SYSTEMPATH\Boot.php(67): CodeIgniter\Boot::runCodeIgniter(Object(CodeIgniter\CodeIgniter))
16 FCPATH\index.php(56): CodeIgniter\Boot::bootWeb(Object(Config\Paths))
CRITICAL - 2025-04-04 00:09:59 --> ParseError: syntax error, unexpected end of file, expecting "elseif" or "else" or "endif"
[Method: GET, Route: /]
in APPPATH\Views\components\header_nav.php on line 60.
 1 SYSTEMPATH\View\View.php(237): CodeIgniter\View\View->CodeIgniter\View\{closure}()
 2 SYSTEMPATH\View\View.php(487): CodeIgniter\View\View->render('components/header_nav', null, true)
 3 APPPATH\Views\layout\main_layout.php(2): CodeIgniter\View\View->include('components/header_nav')
 4 SYSTEMPATH\View\View.php(234): include('D:\\xampp\\htdocs\\CapstoneWebsiteJedSys\\app\\Views\\layout\\main_layout.php')
 5 SYSTEMPATH\View\View.php(237): CodeIgniter\View\View->CodeIgniter\View\{closure}()
 6 SYSTEMPATH\View\View.php(250): CodeIgniter\View\View->render('layout/main_layout', [], true)
 7 SYSTEMPATH\Common.php(1171): CodeIgniter\View\View->render('landing', [], true)
 8 APPPATH\Controllers\Home.php(11): view('landing')
 9 SYSTEMPATH\CodeIgniter.php(933): App\Controllers\Home->index()
10 SYSTEMPATH\CodeIgniter.php(509): CodeIgniter\CodeIgniter->runController(Object(App\Controllers\Home))
11 SYSTEMPATH\CodeIgniter.php(355): CodeIgniter\CodeIgniter->handleRequest(null, Object(Config\Cache), false)
12 SYSTEMPATH\Boot.php(325): CodeIgniter\CodeIgniter->run()
13 SYSTEMPATH\Boot.php(67): CodeIgniter\Boot::runCodeIgniter(Object(CodeIgniter\CodeIgniter))
14 FCPATH\index.php(56): CodeIgniter\Boot::bootWeb(Object(Config\Paths))
